0 info it worked if it ends with ok
1 verbose cli [ '/usr/bin/nodejs', '/usr/bin/npm', 'publish' ]
2 info using npm@1.4.21
3 info using node@v0.10.25
4 verbose publish [ '.' ]
5 verbose cache add [ '.', null ]
6 verbose cache add name=undefined spec="." args=[".",null]
7 verbose parsed url { protocol: null,
7 verbose parsed url   slashes: null,
7 verbose parsed url   auth: null,
7 verbose parsed url   host: null,
7 verbose parsed url   port: null,
7 verbose parsed url   hostname: null,
7 verbose parsed url   hash: null,
7 verbose parsed url   search: null,
7 verbose parsed url   query: null,
7 verbose parsed url   pathname: '.',
7 verbose parsed url   path: '.',
7 verbose parsed url   href: '.' }
8 silly lockFile 3a52ce78- .
9 verbose lock . /home/anita/.npm/3a52ce78-.lock
10 verbose tar pack [ '/home/anita/.npm/autocomplete-fac/0.0.0/package.tgz', '.' ]
11 verbose tarball /home/anita/.npm/autocomplete-fac/0.0.0/package.tgz
12 verbose folder .
13 info prepublish autocomplete-fac@0.0.0
14 silly lockFile 1f1177db-tar tar://.
15 verbose lock tar://. /home/anita/.npm/1f1177db-tar.lock
16 silly lockFile 1f80fdcc-tocomplete-fac-0-0-0-package-tgz tar:///home/anita/.npm/autocomplete-fac/0.0.0/package.tgz
17 verbose lock tar:///home/anita/.npm/autocomplete-fac/0.0.0/package.tgz /home/anita/.npm/1f80fdcc-tocomplete-fac-0-0-0-package-tgz.lock
18 silly lockFile 1f1177db-tar tar://.
19 silly lockFile 1f1177db-tar tar://.
20 silly lockFile 1f80fdcc-tocomplete-fac-0-0-0-package-tgz tar:///home/anita/.npm/autocomplete-fac/0.0.0/package.tgz
21 silly lockFile 1f80fdcc-tocomplete-fac-0-0-0-package-tgz tar:///home/anita/.npm/autocomplete-fac/0.0.0/package.tgz
22 silly lockFile d6e4112f-m-autocomplete-fac-0-0-0-package /home/anita/.npm/autocomplete-fac/0.0.0/package
23 verbose lock /home/anita/.npm/autocomplete-fac/0.0.0/package /home/anita/.npm/d6e4112f-m-autocomplete-fac-0-0-0-package.lock
24 silly lockFile d6e4112f-m-autocomplete-fac-0-0-0-package /home/anita/.npm/autocomplete-fac/0.0.0/package
25 silly lockFile d6e4112f-m-autocomplete-fac-0-0-0-package /home/anita/.npm/autocomplete-fac/0.0.0/package
26 silly lockFile 3a52ce78- .
27 silly lockFile 3a52ce78- .
28 silly publish { name: 'autocomplete-fac',
28 silly publish   version: '0.0.0',
28 silly publish   description: 'find words in English dictionary with autosuggestion!',
28 silly publish   main: 'index.js',
28 silly publish   directories: { test: 'test' },
28 silly publish   scripts: { test: 'node test/test.js' },
28 silly publish   repository:
28 silly publish    { type: 'git',
28 silly publish      url: 'https://github.com/heron2014/autocomplete.git' },
28 silly publish   keywords: [ 'autocomplete', 'english', 'suggestions' ],
28 silly publish   author: '',
28 silly publish   license: 'ISC',
28 silly publish   bugs: { url: 'https://github.com/heron2014/autocomplete/issues' },
28 silly publish   readme: '# autocomplete\nEasily find words in the english dictionary\n\n##Features\n* [ ] import list of words into an array called words\n* [ ] search through list of words for a string and return list of suggestions\n* [ ] record the string that was searched for (for stats and graph!)\n',
28 silly publish   readmeFilename: 'README.md',
28 silly publish   gitHead: '34a4a5289ae4f58fb26eac2035c081309375f936',
28 silly publish   _id: 'autocomplete-fac@0.0.0',
28 silly publish   _shasum: '76f65e88d6f1153a576fbc58b6060193283bf9f5',
28 silly publish   _from: '.' }
29 verbose request where is /autocomplete-fac
30 verbose request registry https://registry.npmjs.org/
31 verbose request id a8edd41ff746d78f
32 verbose url raw /autocomplete-fac
33 verbose url resolving [ 'https://registry.npmjs.org/', './autocomplete-fac' ]
34 verbose url resolved https://registry.npmjs.org/autocomplete-fac
35 verbose request where is https://registry.npmjs.org/autocomplete-fac
36 info trying registry request attempt 1 at 11:05:33
37 http PUT https://registry.npmjs.org/autocomplete-fac
38 info retry will retry, error on last attempt: Error: socket hang up
39 info trying registry request attempt 2 at 16:34:25
40 http PUT https://registry.npmjs.org/autocomplete-fac
41 http 404 https://registry.npmjs.org/autocomplete-fac
42 verbose headers { 'content-type': 'application/json',
42 verbose headers   'cache-control': 'max-age=0',
42 verbose headers   'content-length': '21',
42 verbose headers   'accept-ranges': 'bytes',
42 verbose headers   date: 'Tue, 26 May 2015 15:34:26 GMT',
42 verbose headers   via: '1.1 varnish',
42 verbose headers   connection: 'keep-alive',
42 verbose headers   'x-served-by': 'cache-lcy1123-LCY',
42 verbose headers   'x-cache': 'MISS',
42 verbose headers   'x-cache-hits': '0',
42 verbose headers   'x-timer': 'S1432654465.309409,VS0,VE925' }
43 error publish Failed PUT 404
44 error Error: Not found : autocomplete-fac
44 error     at RegClient.<anonymous> (/usr/share/npm/node_modules/npm-registry-client/lib/request.js:300:14)
44 error     at Request._callback (/usr/share/npm/node_modules/npm-registry-client/lib/request.js:238:65)
44 error     at Request.self.callback (/usr/lib/nodejs/request/index.js:148:22)
44 error     at Request.EventEmitter.emit (events.js:98:17)
44 error     at Request.<anonymous> (/usr/lib/nodejs/request/index.js:896:14)
44 error     at Request.EventEmitter.emit (events.js:117:20)
44 error     at IncomingMessage.<anonymous> (/usr/lib/nodejs/request/index.js:847:12)
44 error     at IncomingMessage.EventEmitter.emit (events.js:117:20)
44 error     at _stream_readable.js:920:16
44 error     at process._tickCallback (node.js:415:13)
45 error If you need help, you may report this *entire* log,
45 error including the npm and node versions, at:
45 error     <http://github.com/npm/npm/issues>
46 error System Linux 3.16.0-37-generic
47 error command "/usr/bin/nodejs" "/usr/bin/npm" "publish"
48 error cwd /home/anita/Node-tutorial/autocomplete
49 error node -v v0.10.25
50 error npm -v 1.4.21
51 verbose exit [ 1, true ]
